This file contains any messages produced by compilers while
running configure, to aid debugging if configure makes a mistake.

It was created by configure, which was
generated by GNU Autoconf 2.52.  Invocation command line was

  $ ./configure 

## ---------- ##
## Platform.  ##
## ---------- ##

hostname = NB-11572
uname -m = x86_64
uname -r = 5.15.0-69-generic
uname -s = Linux
uname -v = #76~20.04.1-Ubuntu SMP Mon Mar 20 15:54:19 UTC 2023

/usr/bin/uname -p = x86_64
/bin/uname -X     = unknown

/bin/arch              = x86_64
/usr/bin/arch -k       = unknown
/usr/convex/getsysinfo = unknown
hostinfo               = unknown
/bin/machine           = unknown
/usr/bin/oslevel       = unknown
/bin/universe          = unknown

PATH = /home/jens/.pyenv/plugins/pyenv-virtualenv/shims:/home/jens/.pyenv/shims:/home/jens/bin:/home/jens/.pyenv/bin:/home/jens/.nvm/versions/node/v14.5.0/bin:/home/jens/bin:/home/jens/.local/bin:/usr/local/sbin:/usr/local/bin:/usr/sbin:/usr/bin:/sbin:/bin:/usr/games:/usr/local/games:/snap/bin:/home/jens/git/fzf/bin

## ------------ ##
## Core tests.  ##
## ------------ ##

configure:956: PATH=".;."; conftest.sh
./configure: 957: conftest.sh: not found
configure:959: $? = 127
configure:1005: checking for a BSD compatible install
configure:1054: result: /usr/bin/install -c
configure:1065: checking whether build environment is sane
configure:1108: result: yes
configure:1141: checking for mawk
configure:1156: found /usr/bin/mawk
configure:1164: result: mawk
configure:1174: checking whether make sets ${MAKE}
configure:1194: result: yes
configure:1328: checking for gcc
configure:1343: found /usr/bin/gcc
configure:1351: result: gcc
configure:1579: checking for C compiler version
configure:1582: gcc --version </dev/null >&5
gcc (Ubuntu 9.4.0-1ubuntu1~20.04.1) 9.4.0
Copyright (C) 2019 Free Software Foundation, Inc.
This is free software; see the source for copying conditions.  There is NO
warranty; not even for MERCHANTABILITY or FITNESS FOR A PARTICULAR PURPOSE.

configure:1585: $? = 0
configure:1587: gcc -v </dev/null >&5
Using built-in specs.
COLLECT_GCC=gcc
COLLECT_LTO_WRAPPER=/usr/lib/gcc/x86_64-linux-gnu/9/lto-wrapper
OFFLOAD_TARGET_NAMES=nvptx-none:hsa
OFFLOAD_TARGET_DEFAULT=1
Target: x86_64-linux-gnu
Configured with: ../src/configure -v --with-pkgversion='Ubuntu 9.4.0-1ubuntu1~20.04.1' --with-bugurl=file:///usr/share/doc/gcc-9/README.Bugs --enable-languages=c,ada,c++,go,brig,d,fortran,objc,obj-c++,gm2 --prefix=/usr --with-gcc-major-version-only --program-suffix=-9 --program-prefix=x86_64-linux-gnu- --enable-shared --enable-linker-build-id --libexecdir=/usr/lib --without-included-gettext --enable-threads=posix --libdir=/usr/lib --enable-nls --enable-clocale=gnu --enable-libstdcxx-debug --enable-libstdcxx-time=yes --with-default-libstdcxx-abi=new --enable-gnu-unique-object --disable-vtable-verify --enable-plugin --enable-default-pie --with-system-zlib --with-target-system-zlib=auto --enable-objc-gc=auto --enable-multiarch --disable-werror --with-arch-32=i686 --with-abi=m64 --with-multilib-list=m32,m64,mx32 --enable-multilib --with-tune=generic --enable-offload-targets=nvptx-none=/build/gcc-9-Av3uEd/gcc-9-9.4.0/debian/tmp-nvptx/usr,hsa --without-cuda-driver --enable-checking=release --build=x86_64-linux-gnu --host=x86_64-linux-gnu --target=x86_64-linux-gnu
Thread model: posix
gcc version 9.4.0 (Ubuntu 9.4.0-1ubuntu1~20.04.1) 
configure:1590: $? = 0
configure:1592: gcc -V </dev/null >&5
gcc: error: unrecognized command line option '-V'
gcc: fatal error: no input files
compilation terminated.
configure:1595: $? = 1
configure:1615: checking for C compiler default output
configure:1618: gcc    conftest.c  >&5
configure:1621: $? = 0
configure:1650: result: a.out
configure:1655: checking whether the C compiler works
configure:1661: ./a.out
configure:1664: $? = 0
configure:1679: result: yes
configure:1686: checking whether we are cross compiling
configure:1688: result: no
configure:1691: checking for executable suffix
configure:1693: gcc -o conftest    conftest.c  >&5
configure:1696: $? = 0
configure:1718: result: 
configure:1724: checking for object suffix
configure:1742: gcc -c   conftest.c >&5
configure:1745: $? = 0
configure:1764: result: o
configure:1768: checking whether we are using the GNU C compiler
configure:1789: gcc -c   conftest.c >&5
configure:1792: $? = 0
configure:1795: test -s conftest.o
configure:1798: $? = 0
configure:1810: result: yes
configure:1816: checking whether gcc accepts -g
configure:1834: gcc -c -g  conftest.c >&5
configure:1837: $? = 0
configure:1840: test -s conftest.o
configure:1843: $? = 0
configure:1853: result: yes
configure:1880: gcc -c -g -O2  conftest.c >&5
conftest.c:2:3: error: unknown type name 'choke'
    2 |   choke me
      |   ^~~~~
conftest.c:2:3: error: expected '=', ',', ';', 'asm' or '__attribute__' at end of input
configure:1883: $? = 1
configure: failed program was:
#ifndef __cplusplus
  choke me
#endif
configure:1989: checking for style of include used by make
configure:2016: result: GNU
configure:2022: checking dependency style of gcc
configure:2084: result: gcc3
configure:2140: checking for g++
configure:2155: found /usr/bin/g++
configure:2163: result: g++
configure:2178: checking for C++ compiler version
configure:2181: g++ --version </dev/null >&5
g++ (Ubuntu 9.4.0-1ubuntu1~20.04.1) 9.4.0
Copyright (C) 2019 Free Software Foundation, Inc.
This is free software; see the source for copying conditions.  There is NO
warranty; not even for MERCHANTABILITY or FITNESS FOR A PARTICULAR PURPOSE.

configure:2184: $? = 0
configure:2186: g++ -v </dev/null >&5
Using built-in specs.
COLLECT_GCC=g++
COLLECT_LTO_WRAPPER=/usr/lib/gcc/x86_64-linux-gnu/9/lto-wrapper
OFFLOAD_TARGET_NAMES=nvptx-none:hsa
OFFLOAD_TARGET_DEFAULT=1
Target: x86_64-linux-gnu
Configured with: ../src/configure -v --with-pkgversion='Ubuntu 9.4.0-1ubuntu1~20.04.1' --with-bugurl=file:///usr/share/doc/gcc-9/README.Bugs --enable-languages=c,ada,c++,go,brig,d,fortran,objc,obj-c++,gm2 --prefix=/usr --with-gcc-major-version-only --program-suffix=-9 --program-prefix=x86_64-linux-gnu- --enable-shared --enable-linker-build-id --libexecdir=/usr/lib --without-included-gettext --enable-threads=posix --libdir=/usr/lib --enable-nls --enable-clocale=gnu --enable-libstdcxx-debug --enable-libstdcxx-time=yes --with-default-libstdcxx-abi=new --enable-gnu-unique-object --disable-vtable-verify --enable-plugin --enable-default-pie --with-system-zlib --with-target-system-zlib=auto --enable-objc-gc=auto --enable-multiarch --disable-werror --with-arch-32=i686 --with-abi=m64 --with-multilib-list=m32,m64,mx32 --enable-multilib --with-tune=generic --enable-offload-targets=nvptx-none=/build/gcc-9-Av3uEd/gcc-9-9.4.0/debian/tmp-nvptx/usr,hsa --without-cuda-driver --enable-checking=release --build=x86_64-linux-gnu --host=x86_64-linux-gnu --target=x86_64-linux-gnu
Thread model: posix
gcc version 9.4.0 (Ubuntu 9.4.0-1ubuntu1~20.04.1) 
configure:2189: $? = 0
configure:2191: g++ -V </dev/null >&5
g++: error: unrecognized command line option '-V'
g++: fatal error: no input files
compilation terminated.
configure:2194: $? = 1
configure:2197: checking whether we are using the GNU C++ compiler
configure:2218: g++ -c   conftest.cc >&5
configure:2221: $? = 0
configure:2224: test -s conftest.o
configure:2227: $? = 0
configure:2239: result: yes
configure:2245: checking whether g++ accepts -g
configure:2263: g++ -c -g  conftest.cc >&5
configure:2266: $? = 0
configure:2269: test -s conftest.o
configure:2272: $? = 0
configure:2282: result: yes
configure:2322: g++ -c -g -O2  conftest.cc >&5
configure:2325: $? = 0
configure:2328: test -s conftest.o
configure:2331: $? = 0
configure:2353: g++ -c -g -O2  conftest.cc >&5
configure: In function 'int main()':
configure:2346:1: error: 'exit' was not declared in this scope
 2346 | {
      | ^   
configure:2356: $? = 1
configure: failed program was:
#line 2341 "configure"
#include "confdefs.h"

int
main ()
{
exit (42);
  ;
  return 0;
}
configure:2322: g++ -c -g -O2  conftest.cc >&5
configure:2325: $? = 0
configure:2328: test -s conftest.o
configure:2331: $? = 0
configure:2353: g++ -c -g -O2  conftest.cc >&5
configure:2356: $? = 0
configure:2359: test -s conftest.o
configure:2362: $? = 0
configure:2386: checking dependency style of g++
configure:2448: result: gcc3
configure:2493: checking for ranlib
configure:2508: found /usr/bin/ranlib
configure:2517: result: ranlib
configure:2529: checking whether ln -s works
configure:2533: result: yes
configure:2552: checking for a BSD compatible install
configure:2601: result: /usr/bin/install -c
configure:2617: checking how to run the C preprocessor
configure:2643: gcc -E  conftest.c
configure:2649: $? = 0
configure:2676: gcc -E  conftest.c
configure:2673:10: fatal error: ac_nonexistent.h: No such file or directory
 2673 | #include "confdefs.h"
      |          ^~~~~~~~~~~~      
compilation terminated.
configure:2682: $? = 1
configure: failed program was:
#line 2672 "configure"
#include "confdefs.h"
#include <ac_nonexistent.h>
configure:2719: result: gcc -E
configure:2734: gcc -E  conftest.c
configure:2740: $? = 0
configure:2767: gcc -E  conftest.c
configure:2764:10: fatal error: ac_nonexistent.h: No such file or directory
 2764 | #include "confdefs.h"
      |          ^~~~~~~~~~~~      
compilation terminated.
configure:2773: $? = 1
configure: failed program was:
#line 2763 "configure"
#include "confdefs.h"
#include <ac_nonexistent.h>
configure:2812: checking for X
configure:2913: gcc -E  conftest.c
configure:2919: $? = 0
configure:2964: gcc -o conftest -g -O2 -Wall   conftest.c -lXt  >&5
configure:2967: $? = 0
configure:2970: test -s conftest
configure:2973: $? = 0
configure:3021: result: libraries , headers 
configure:3160: gcc -o conftest -g -O2 -Wall   conftest.c   -lX11 >&5
configure:3163: $? = 0
configure:3166: test -s conftest
configure:3169: $? = 0
configure:3295: checking for gethostbyname
configure:3332: gcc -o conftest -g -O2 -Wall   conftest.c  >&5
configure:3335: $? = 0
configure:3338: test -s conftest
configure:3341: $? = 0
configure:3351: result: yes
configure:3472: checking for connect
configure:3509: gcc -o conftest -g -O2 -Wall   conftest.c  >&5
configure:3512: $? = 0
configure:3515: test -s conftest
configure:3518: $? = 0
configure:3528: result: yes
configure:3588: checking for remove
configure:3625: gcc -o conftest -g -O2 -Wall   conftest.c  >&5
configure:3628: $? = 0
configure:3631: test -s conftest
configure:3634: $? = 0
configure:3644: result: yes
configure:3704: checking for shmat
configure:3741: gcc -o conftest -g -O2 -Wall   conftest.c  >&5
configure:3744: $? = 0
configure:3747: test -s conftest
configure:3750: $? = 0
configure:3760: result: yes
configure:3829: checking for IceConnectionNumber in -lICE
configure:3856: gcc -o conftest -g -O2 -Wall   conftest.c -lICE   >&5
configure:3859: $? = 0
configure:3862: test -s conftest
configure:3865: $? = 0
configure:3876: result: yes
configure:3886: checking for XOpenDisplay in X library -lX11
configure:3914: gcc -o conftest -g -O2 -Wall   conftest.c  -lX11   >&5
configure:3917: $? = 0
configure:3920: test -s conftest
configure:3923: $? = 0
configure:3936: result: yes
configure:3954: checking extra paths for Xpm
configure:4004: result: library no, include no
configure:4020: checking for XpmReadFileToPixmap in X library -lXpm
configure:4048: gcc -o conftest -g -O2 -Wall   conftest.c   -lSM -lICE -lXpm -lX11   >&5
configure:4051: $? = 0
configure:4054: test -s conftest
configure:4057: $? = 0
configure:4070: result: yes
configure:4142: checking for gtk-config
configure:4171: result: gtk12-config
configure:4179: checking for GTK - version >= 1.2.0
configure:4282: gcc -o conftest -g -O2 -Wall    conftest.c   >&5
configure:4205:10: fatal error: gtk/gtk.h: No such file or directory
 4205 | 
      |          ^          
compilation terminated.
configure:4285: $? = 1
configure: program exited with status 1
configure: failed program was:
#line 4203 "configure"
#include "confdefs.h"

#include <gtk/gtk.h>
#include <stdio.h>
#include <stdlib.h>

int
main ()
{
  int major, minor, micro;
  char *tmp_version;

  system ("touch conf.gtktest");

  /* HP/UX 9 (%@#!) writes to sscanf strings */
  tmp_version = g_strdup("1.2.0");
  if (sscanf(tmp_version, "%d.%d.%d", &major, &minor, &micro) != 3) {
     printf("%s, bad version string\n", "1.2.0");
     exit(1);
   }

  if ((gtk_major_version != ) ||
      (gtk_minor_version != ) ||
      (gtk_micro_version != ))
    {
      printf("\n*** 'gtk-config --version' returned %d.%d.%d, but GTK+ (%d.%d.%d)\n",
             , , ,
             gtk_major_version, gtk_minor_version, gtk_micro_version);
      printf ("*** was found! If gtk-config was correct, then it is best\n");
      printf ("*** to remove the old version of GTK+. You may also be able to fix the error\n");
      printf("*** by modifying your LD_LIBRARY_PATH enviroment variable, or by editing\n");
      printf("*** /etc/ld.so.conf. Make sure you have run ldconfig if that is\n");
      printf("*** required on your system.\n");
      printf("*** If gtk-config was wrong, set the environment variable GTK_CONFIG\n");
      printf("*** to point to the correct copy of gtk-config, and remove the file config.cache\n");
      printf("*** before re-running configure\n");
    }
#if defined (GTK_MAJOR_VERSION) && defined (GTK_MINOR_VERSION) && defined (GTK_MICRO_VERSION)
  else if ((gtk_major_version != GTK_MAJOR_VERSION) ||
	   (gtk_minor_version != GTK_MINOR_VERSION) ||
           (gtk_micro_version != GTK_MICRO_VERSION))
    {
      printf("*** GTK+ header files (version %d.%d.%d) do not match\n",
	     GTK_MAJOR_VERSION, GTK_MINOR_VERSION, GTK_MICRO_VERSION);
      printf("*** library (version %d.%d.%d)\n",
	     gtk_major_version, gtk_minor_version, gtk_micro_version);
    }
#endif /* defined (GTK_MAJOR_VERSION) ... */
  else
    {
      if ((gtk_major_version > major) ||
        ((gtk_major_version == major) && (gtk_minor_version > minor)) ||
        ((gtk_major_version == major) && (gtk_minor_version == minor) && (gtk_micro_version >= micro)))
      {
        return 0;
       }
     else
      {
        printf("\n*** An old version of GTK+ (%d.%d.%d) was found.\n",
               gtk_major_version, gtk_minor_version, gtk_micro_version);
        printf("*** You need a version of GTK+ newer than %d.%d.%d. The latest version of\n",
	       major, minor, micro);
        printf("*** GTK+ is always available from ftp://ftp.gtk.org.\n");
        printf("***\n");
        printf("*** If you have already installed a sufficiently new version, this error\n");
        printf("*** probably means that the wrong copy of the gtk-config shell script is\n");
        printf("*** being found. The easiest way to fix this is to remove the old version\n");
        printf("*** of GTK+, but you can also set the GTK_CONFIG environment to point to the\n");
        printf("*** correct copy of gtk-config. (In this case, you will have to\n");
        printf("*** modify your LD_LIBRARY_PATH enviroment variable, or edit /etc/ld.so.conf\n");
        printf("*** so that the correct libraries are found at run-time))\n");
      }
    }
  return 1;
}

configure:4310: result: no
configure:4340: gcc -o conftest -g -O2 -Wall    conftest.c   >&5
configure:4327:10: fatal error: gtk/gtk.h: No such file or directory
 4327 | 
      |          ^          
compilation terminated.
configure:4343: $? = 1
configure: failed program was:
#line 4325 "configure"
#include "confdefs.h"

#include <gtk/gtk.h>
#include <stdio.h>

int
main ()
{
 return ((gtk_major_version) || (gtk_minor_version) || (gtk_micro_version));
  ;
  return 0;
}
configure:4461: checking for qVersion__Fv in -lqt
configure:4488: g++ -o conftest -g -O2 -Wall   -L /lib conftest.cc -lqt   >&5
/usr/bin/ld: cannot find -lqt
collect2: error: ld returned 1 exit status
configure:4491: $? = 1
configure: failed program was:
#line 4469 "configure"
#include "confdefs.h"

/* Override any gcc2 internal prototype to avoid an error.  */
#ifdef __cplusplus
extern "C"
#endif
/* We use char because int might match the return type of a gcc2
   builtin and then its argument prototype would still apply.  */
char qVersion__Fv ();
int
main ()
{
qVersion__Fv ();
  ;
  return 0;
}
configure:4508: result: no
configure:4595: checking which toolkit is default
configure:4605: error:
        Neither GTK+ nor Qt toolkits were found

## ----------------- ##
## Cache variables.  ##
## ----------------- ##

ac_cv_c_compiler_gnu='yes'
ac_cv_cxx_compiler_gnu='yes'
ac_cv_env_CC_set=''
ac_cv_env_CC_value=''
ac_cv_env_CFLAGS_set=''
ac_cv_env_CFLAGS_value=''
ac_cv_env_CPPFLAGS_set=''
ac_cv_env_CPPFLAGS_value=''
ac_cv_env_CPP_set=''
ac_cv_env_CPP_value=''
ac_cv_env_CXXFLAGS_set=''
ac_cv_env_CXXFLAGS_value=''
ac_cv_env_CXX_set=''
ac_cv_env_CXX_value=''
ac_cv_env_LDFLAGS_set=''
ac_cv_env_LDFLAGS_value=''
ac_cv_env_build_alias_set=''
ac_cv_env_build_alias_value=''
ac_cv_env_host_alias_set=''
ac_cv_env_host_alias_value=''
ac_cv_env_target_alias_set=''
ac_cv_env_target_alias_value=''
ac_cv_func_connect='yes'
ac_cv_func_gethostbyname='yes'
ac_cv_func_remove='yes'
ac_cv_func_shmat='yes'
ac_cv_have_x='have_x=yes 		ac_x_includes= ac_x_libraries='
ac_cv_lib_ICE_IceConnectionNumber='yes'
ac_cv_lib_X11_XOpenDisplay='yes'
ac_cv_lib_Xpm_XpmReadFileToPixmap='yes'
ac_cv_lib_qt_qVersion__Fv='no'
ac_cv_objext='o'
ac_cv_path_GTK_CONFIG='gtk12-config'
ac_cv_path_install='/usr/bin/install -c'
ac_cv_prog_AWK='mawk'
ac_cv_prog_CPP='gcc -E'
ac_cv_prog_ac_ct_CC='gcc'
ac_cv_prog_ac_ct_CXX='g++'
ac_cv_prog_ac_ct_RANLIB='ranlib'
ac_cv_prog_cc_g='yes'
ac_cv_prog_cxx_g='yes'
ac_cv_prog_make_make_set='yes'
am_cv_CC_dependencies_compiler_type='gcc3'
am_cv_CXX_dependencies_compiler_type='gcc3'

## ------------ ##
## confdefs.h.  ##
## ------------ ##

#define PACKAGE "xarchon"
#define VERSION "0.60"
#ifdef __cplusplus
#include <stdlib.h>
#endif
#define HAVE_LIBX11 1
#define HAVE_LIBXPM 1


configure: exit 1
